<?xml version="1.0" encoding="UTF-8" ?>
<testsuite failures="0" time="0.01" errors="0" skipped="0" tests="1" name="org.gleason.example.AppTest">
  <properties>
    <property name="java.runtime.name" value="Java(TM) SE Runtime Environment"/>
    <property name="sun.boot.library.path" value="/usr/lib/jvm/java-6-sun-1.6.0.26/jre/lib/amd64"/>
    <property name="java.vm.version" value="20.1-b02"/>
    <property name="java.vm.vendor" value="Sun Microsystems Inc."/>
    <property name="java.vendor.url" value="http://java.sun.com/"/>
    <property name="path.separator" value=":"/>
    <property name="java.vm.name" value="Java HotSpot(TM) 64-Bit Server VM"/>
    <property name="file.encoding.pkg" value="sun.io"/>
    <property name="user.country" value="US"/>
    <property name="sun.java.launcher" value="SUN_STANDARD"/>
    <property name="sun.os.patch.level" value="unknown"/>
    <property name="java.vm.specification.name" value="Java Virtual Machine Specification"/>
    <property name="user.dir" value="/home/jackie/Development/Code/personal/example/WASSpringExamples/examples/SpringExample"/>
    <property name="java.runtime.version" value="1.6.0_26-b03"/>
    <property name="java.awt.graphicsenv" value="sun.awt.X11GraphicsEnvironment"/>
    <property name="basedir" value="/home/jackie/Development/Code/personal/example/WASSpringExamples/examples/SpringExample"/>
    <property name="java.endorsed.dirs" value="/usr/lib/jvm/java-6-sun-1.6.0.26/jre/lib/endorsed"/>
    <property name="os.arch" value="amd64"/>
    <property name="surefire.real.class.path" value="/home/jackie/Development/Code/personal/example/WASSpringExamples/examples/SpringExample/target/surefire/surefirebooter1439788082968957098.jar"/>
    <property name="java.io.tmpdir" value="/tmp"/>
    <property name="line.separator" value="
"/>
    <property name="java.vm.specification.vendor" value="Sun Microsystems Inc."/>
    <property name="os.name" value="Linux"/>
    <property name="sun.jnu.encoding" value="UTF-8"/>
    <property name="java.library.path" value="/usr/lib/jvm/java-6-sun-1.6.0.26/jre/lib/amd64/server:/usr/lib/jvm/java-6-sun-1.6.0.26/jre/lib/amd64:/usr/lib/jvm/java-6-sun-1.6.0.26/jre/../lib/amd64:/usr/java/packages/lib/amd64:/usr/lib64:/lib64:/lib:/usr/lib"/>
    <property name="surefire.test.class.path" value="/home/jackie/Development/Code/personal/example/WASSpringExamples/examples/SpringExample/target/test-classes:/home/jackie/Development/Code/personal/example/WASSpringExamples/examples/SpringExample/target/classes:/home/jackie/.m2/repository/junit/junit/3.8.1/junit-3.8.1.jar:/home/jackie/.m2/repository/com/sun/jersey/jersey-server/1.11/jersey-server-1.11.jar:/home/jackie/.m2/repository/asm/asm/3.1/asm-3.1.jar:/home/jackie/.m2/repository/com/sun/jersey/jersey-core/1.11/jersey-core-1.11.jar:/home/jackie/.m2/repository/com/sun/jersey/contribs/jersey-spring/1.11/jersey-spring-1.11.jar:/home/jackie/.m2/repository/com/sun/jersey/jersey-servlet/1.11/jersey-servlet-1.11.jar:/home/jackie/.m2/repository/org/springframework/spring-aop/3.0.0.RC3/spring-aop-3.0.0.RC3.jar:/home/jackie/.m2/repository/com/sun/jersey/jersey-json/1.11/jersey-json-1.11.jar:/home/jackie/.m2/repository/org/codehaus/jettison/jettison/1.1/jettison-1.1.jar:/home/jackie/.m2/repository/stax/stax-api/1.0.1/stax-api-1.0.1.jar:/home/jackie/.m2/repository/com/sun/xml/bind/jaxb-impl/2.2.3-1/jaxb-impl-2.2.3-1.jar:/home/jackie/.m2/repository/javax/xml/bind/jaxb-api/2.2.2/jaxb-api-2.2.2.jar:/home/jackie/.m2/repository/javax/xml/stream/stax-api/1.0-2/stax-api-1.0-2.jar:/home/jackie/.m2/repository/javax/activation/activation/1.1/activation-1.1.jar:/home/jackie/.m2/repository/org/codehaus/jackson/jackson-core-asl/1.9.2/jackson-core-asl-1.9.2.jar:/home/jackie/.m2/repository/org/codehaus/jackson/jackson-mapper-asl/1.9.2/jackson-mapper-asl-1.9.2.jar:/home/jackie/.m2/repository/org/codehaus/jackson/jackson-jaxrs/1.9.2/jackson-jaxrs-1.9.2.jar:/home/jackie/.m2/repository/org/codehaus/jackson/jackson-xc/1.9.2/jackson-xc-1.9.2.jar:/home/jackie/.m2/repository/org/springframework/spring-core/3.1.0.RELEASE/spring-core-3.1.0.RELEASE.jar:/home/jackie/.m2/repository/org/springframework/spring-asm/3.1.0.RELEASE/spring-asm-3.1.0.RELEASE.jar:/home/jackie/.m2/repository/commons-logging/commons-logging/1.1.1/commons-logging-1.1.1.jar:/home/jackie/.m2/repository/org/springframework/spring-web/3.1.0.RELEASE/spring-web-3.1.0.RELEASE.jar:/home/jackie/.m2/repository/aopalliance/aopalliance/1.0/aopalliance-1.0.jar:/home/jackie/.m2/repository/org/springframework/spring-context/3.1.0.RELEASE/spring-context-3.1.0.RELEASE.jar:/home/jackie/.m2/repository/org/springframework/spring-expression/3.1.0.RELEASE/spring-expression-3.1.0.RELEASE.jar:/home/jackie/.m2/repository/org/springframework/spring-context-support/3.1.0.RELEASE/spring-context-support-3.1.0.RELEASE.jar:/home/jackie/.m2/repository/org/springframework/spring-beans/3.1.0.RELEASE/spring-beans-3.1.0.RELEASE.jar:/home/jackie/.m2/repository/org/springframework/data/spring-data-jpa/1.1.0.M1/spring-data-jpa-1.1.0.M1.jar:/home/jackie/.m2/repository/org/springframework/data/spring-data-commons-core/1.2.0.M1/spring-data-commons-core-1.2.0.M1.jar:/home/jackie/.m2/repository/org/springframework/spring-tx/3.0.5.RELEASE/spring-tx-3.0.5.RELEASE.jar:/home/jackie/.m2/repository/org/springframework/spring-orm/3.0.5.RELEASE/spring-orm-3.0.5.RELEASE.jar:/home/jackie/.m2/repository/org/springframework/spring-jdbc/3.0.5.RELEASE/spring-jdbc-3.0.5.RELEASE.jar:/home/jackie/.m2/repository/org/slf4j/slf4j-api/1.6.1/slf4j-api-1.6.1.jar:/home/jackie/.m2/repository/org/slf4j/jcl-over-slf4j/1.6.1/jcl-over-slf4j-1.6.1.jar:/home/jackie/.m2/repository/org/aspectj/aspectjrt/1.6.8/aspectjrt-1.6.8.jar:/home/jackie/.m2/repository/org/springframework/data/spring-data-mongodb/1.0.0.M4/spring-data-mongodb-1.0.0.M4.jar:/home/jackie/.m2/repository/org/mongodb/mongo-java-driver/2.6.5/mongo-java-driver-2.6.5.jar:"/>
    <property name="java.specification.name" value="Java Platform API Specification"/>
    <property name="java.class.version" value="50.0"/>
    <property name="sun.management.compiler" value="HotSpot 64-Bit Tiered Compilers"/>
    <property name="os.version" value="3.2.0-24-generic"/>
    <property name="user.home" value="/home/jackie"/>
    <property name="user.timezone" value=""/>
    <property name="java.awt.printerjob" value="sun.print.PSPrinterJob"/>
    <property name="file.encoding" value="UTF-8"/>
    <property name="java.specification.version" value="1.6"/>
    <property name="user.name" value="jackie"/>
    <property name="java.class.path" value="/home/jackie/Development/Code/personal/example/WASSpringExamples/examples/SpringExample/target/test-classes:/home/jackie/Development/Code/personal/example/WASSpringExamples/examples/SpringExample/target/classes:/home/jackie/.m2/repository/junit/junit/3.8.1/junit-3.8.1.jar:/home/jackie/.m2/repository/com/sun/jersey/jersey-server/1.11/jersey-server-1.11.jar:/home/jackie/.m2/repository/asm/asm/3.1/asm-3.1.jar:/home/jackie/.m2/repository/com/sun/jersey/jersey-core/1.11/jersey-core-1.11.jar:/home/jackie/.m2/repository/com/sun/jersey/contribs/jersey-spring/1.11/jersey-spring-1.11.jar:/home/jackie/.m2/repository/com/sun/jersey/jersey-servlet/1.11/jersey-servlet-1.11.jar:/home/jackie/.m2/repository/org/springframework/spring-aop/3.0.0.RC3/spring-aop-3.0.0.RC3.jar:/home/jackie/.m2/repository/com/sun/jersey/jersey-json/1.11/jersey-json-1.11.jar:/home/jackie/.m2/repository/org/codehaus/jettison/jettison/1.1/jettison-1.1.jar:/home/jackie/.m2/repository/stax/stax-api/1.0.1/stax-api-1.0.1.jar:/home/jackie/.m2/repository/com/sun/xml/bind/jaxb-impl/2.2.3-1/jaxb-impl-2.2.3-1.jar:/home/jackie/.m2/repository/javax/xml/bind/jaxb-api/2.2.2/jaxb-api-2.2.2.jar:/home/jackie/.m2/repository/javax/xml/stream/stax-api/1.0-2/stax-api-1.0-2.jar:/home/jackie/.m2/repository/javax/activation/activation/1.1/activation-1.1.jar:/home/jackie/.m2/repository/org/codehaus/jackson/jackson-core-asl/1.9.2/jackson-core-asl-1.9.2.jar:/home/jackie/.m2/repository/org/codehaus/jackson/jackson-mapper-asl/1.9.2/jackson-mapper-asl-1.9.2.jar:/home/jackie/.m2/repository/org/codehaus/jackson/jackson-jaxrs/1.9.2/jackson-jaxrs-1.9.2.jar:/home/jackie/.m2/repository/org/codehaus/jackson/jackson-xc/1.9.2/jackson-xc-1.9.2.jar:/home/jackie/.m2/repository/org/springframework/spring-core/3.1.0.RELEASE/spring-core-3.1.0.RELEASE.jar:/home/jackie/.m2/repository/org/springframework/spring-asm/3.1.0.RELEASE/spring-asm-3.1.0.RELEASE.jar:/home/jackie/.m2/repository/commons-logging/commons-logging/1.1.1/commons-logging-1.1.1.jar:/home/jackie/.m2/repository/org/springframework/spring-web/3.1.0.RELEASE/spring-web-3.1.0.RELEASE.jar:/home/jackie/.m2/repository/aopalliance/aopalliance/1.0/aopalliance-1.0.jar:/home/jackie/.m2/repository/org/springframework/spring-context/3.1.0.RELEASE/spring-context-3.1.0.RELEASE.jar:/home/jackie/.m2/repository/org/springframework/spring-expression/3.1.0.RELEASE/spring-expression-3.1.0.RELEASE.jar:/home/jackie/.m2/repository/org/springframework/spring-context-support/3.1.0.RELEASE/spring-context-support-3.1.0.RELEASE.jar:/home/jackie/.m2/repository/org/springframework/spring-beans/3.1.0.RELEASE/spring-beans-3.1.0.RELEASE.jar:/home/jackie/.m2/repository/org/springframework/data/spring-data-jpa/1.1.0.M1/spring-data-jpa-1.1.0.M1.jar:/home/jackie/.m2/repository/org/springframework/data/spring-data-commons-core/1.2.0.M1/spring-data-commons-core-1.2.0.M1.jar:/home/jackie/.m2/repository/org/springframework/spring-tx/3.0.5.RELEASE/spring-tx-3.0.5.RELEASE.jar:/home/jackie/.m2/repository/org/springframework/spring-orm/3.0.5.RELEASE/spring-orm-3.0.5.RELEASE.jar:/home/jackie/.m2/repository/org/springframework/spring-jdbc/3.0.5.RELEASE/spring-jdbc-3.0.5.RELEASE.jar:/home/jackie/.m2/repository/org/slf4j/slf4j-api/1.6.1/slf4j-api-1.6.1.jar:/home/jackie/.m2/repository/org/slf4j/jcl-over-slf4j/1.6.1/jcl-over-slf4j-1.6.1.jar:/home/jackie/.m2/repository/org/aspectj/aspectjrt/1.6.8/aspectjrt-1.6.8.jar:/home/jackie/.m2/repository/org/springframework/data/spring-data-mongodb/1.0.0.M4/spring-data-mongodb-1.0.0.M4.jar:/home/jackie/.m2/repository/org/mongodb/mongo-java-driver/2.6.5/mongo-java-driver-2.6.5.jar:"/>
    <property name="java.vm.specification.version" value="1.0"/>
    <property name="sun.arch.data.model" value="64"/>
    <property name="java.home" value="/usr/lib/jvm/java-6-sun-1.6.0.26/jre"/>
    <property name="sun.java.command" value="/home/jackie/Development/Code/personal/example/WASSpringExamples/examples/SpringExample/target/surefire/surefirebooter1439788082968957098.jar /home/jackie/Development/Code/personal/example/WASSpringExamples/examples/SpringExample/target/surefire/surefire944655290851335302tmp /home/jackie/Development/Code/personal/example/WASSpringExamples/examples/SpringExample/target/surefire/surefire7837340581602590886tmp"/>
    <property name="java.specification.vendor" value="Sun Microsystems Inc."/>
    <property name="user.language" value="en"/>
    <property name="java.vm.info" value="mixed mode"/>
    <property name="java.version" value="1.6.0_26"/>
    <property name="java.ext.dirs" value="/usr/lib/jvm/java-6-sun-1.6.0.26/jre/lib/ext:/usr/java/packages/lib/ext"/>
    <property name="sun.boot.class.path" value="/usr/lib/jvm/java-6-sun-1.6.0.26/jre/lib/resources.jar:/usr/lib/jvm/java-6-sun-1.6.0.26/jre/lib/rt.jar:/usr/lib/jvm/java-6-sun-1.6.0.26/jre/lib/sunrsasign.jar:/usr/lib/jvm/java-6-sun-1.6.0.26/jre/lib/jsse.jar:/usr/lib/jvm/java-6-sun-1.6.0.26/jre/lib/jce.jar:/usr/lib/jvm/java-6-sun-1.6.0.26/jre/lib/charsets.jar:/usr/lib/jvm/java-6-sun-1.6.0.26/jre/lib/modules/jdk.boot.jar:/usr/lib/jvm/java-6-sun-1.6.0.26/jre/classes"/>
    <property name="java.vendor" value="Sun Microsystems Inc."/>
    <property name="localRepository" value="/home/jackie/.m2/repository"/>
    <property name="file.separator" value="/"/>
    <property name="java.vendor.url.bug" value="http://java.sun.com/cgi-bin/bugreport.cgi"/>
    <property name="sun.cpu.endian" value="little"/>
    <property name="sun.io.unicode.encoding" value="UnicodeLittle"/>
    <property name="sun.desktop" value="gnome"/>
    <property name="sun.cpu.isalist" value=""/>
  </properties>
  <testcase time="0.001" classname="org.gleason.example.AppTest" name="testApp"/>
</testsuite>